Build started 30/03/2016 12:41:51.
     1>Project "C:\Users\Ryan-LT\Desktop\FGGC Sem1\FGGC Sem1\Game\DX11 Framework.vcxproj" on node 2 (Build target(s)).
     1>ClCompile:
         C:\Program Files (x86)\Microsoft Visual Studio 12.0\VC\bin\CL.exe /c /ZI /nologo /W4 /WX- /Od /Oi /Oy- /D WIN32 /D _DEBUG /D DEBUG /D PROFILE /D _WINDOWS /D D3DXFX_LARGEADDRESS_HANDLE /D _UNICODE /D UNICODE /Gm- /EHsc /RTC1 /MDd /GS /arch:SSE2 /fp:fast /Zc:wchar_t /Zc:forScope /openmp- /Fo"Debug\\" /Fd"Debug\vc120.pdb" /Gd /TP /analyze- /errorReport:prompt  Application.cpp Camera.cpp DDSTextureLoader.cpp "DX11 Framework.cpp" GameObject.cpp OBJLoader.cpp
         Application.cpp
     1>c:\users\ryan-lt\desktop\fggc sem1\fggc sem1\game\application.cpp(82): warning C4244: 'argument' : conversion from 'UINT' to 'FLOAT', possible loss of data
     1>c:\users\ryan-lt\desktop\fggc sem1\fggc sem1\game\application.cpp(82): warning C4316: 'Camera' : object allocated on the heap may not be aligned 16
     1>c:\users\ryan-lt\desktop\fggc sem1\fggc sem1\game\application.cpp(89): warning C4244: 'argument' : conversion from 'UINT' to 'FLOAT', possible loss of data
     1>c:\users\ryan-lt\desktop\fggc sem1\fggc sem1\game\application.cpp(89): warning C4316: 'Camera' : object allocated on the heap may not be aligned 16
     1>c:\users\ryan-lt\desktop\fggc sem1\fggc sem1\game\application.cpp(96): warning C4244: 'argument' : conversion from 'UINT' to 'FLOAT', possible loss of data
     1>c:\users\ryan-lt\desktop\fggc sem1\fggc sem1\game\application.cpp(96): warning C4316: 'Camera' : object allocated on the heap may not be aligned 16
     1>c:\users\ryan-lt\desktop\fggc sem1\fggc sem1\game\application.cpp(103): warning C4244: 'argument' : conversion from 'UINT' to 'FLOAT', possible loss of data
     1>c:\users\ryan-lt\desktop\fggc sem1\fggc sem1\game\application.cpp(103): warning C4316: 'Camera' : object allocated on the heap may not be aligned 16
     1>c:\users\ryan-lt\desktop\fggc sem1\fggc sem1\game\application.cpp(734): warning C4238: nonstandard extension used : class rvalue used as lvalue
     1>c:\users\ryan-lt\desktop\fggc sem1\fggc sem1\game\application.cpp(735): warning C4238: nonstandard extension used : class rvalue used as lvalue
     1>c:\users\ryan-lt\desktop\fggc sem1\fggc sem1\game\application.cpp(736): warning C4238: nonstandard extension used : class rvalue used as lvalue
     1>c:\users\ryan-lt\desktop\fggc sem1\fggc sem1\game\application.cpp(737): warning C4238: nonstandard extension used : class rvalue used as lvalue
         Camera.cpp
         DDSTextureLoader.cpp
         DX11 Framework.cpp
     1>c:\users\ryan-lt\desktop\fggc sem1\fggc sem1\game\dx11 framework.cpp(8): warning C4316: 'Application' : object allocated on the heap may not be aligned 16
         GameObject.cpp
     1>c:\users\ryan-lt\desktop\fggc sem1\fggc sem1\game\gameobject.cpp(38): warning C4100: 'elapsedTime' : unreferenced formal parameter
     1>c:\users\ryan-lt\desktop\fggc sem1\fggc sem1\game\gameobject.cpp(43): warning C4100: 'pd3dDevice' : unreferenced formal parameter
         OBJLoader.cpp
         Generating Code...
       ResourceCompile:
         C:\Program Files (x86)\Windows Kits\8.1\bin\x86\rc.exe /D _UNICODE /D UNICODE /l"0x0409" /nologo /fo"Debug\DX11 Framework.res" "DX11 Framework.rc" 
       Link:
         C:\Program Files (x86)\Microsoft Visual Studio 12.0\VC\bin\link.exe /ERRORREPORT:PROMPT /OUT:"C:\Users\Ryan-LT\Desktop\FGGC Sem1\FGGC Sem1\Game\Debug\DX11 Framework.exe" /INCREMENTAL /NOLOGO d3d11.lib d3dcompiler.lib dxguid.lib winmm.lib comctl32.lib kernel32.lib user32.lib gdi32.lib winspool.lib comdlg32.lib advapi32.lib shell32.lib ole32.lib oleaut32.lib uuid.lib odbc32.lib odbccp32.lib /MANIFEST /MANIFESTUAC:"level='asInvoker' uiAccess='false'" /manifest:embed /manifestinput:"C:\Program Files (x86)\Microsoft Visual Studio 12.0\VC\Include\Manifest\dpiaware.manifest" /DEBUG /PDB:"C:\Users\Ryan-LT\Desktop\FGGC Sem1\FGGC Sem1\Game\Debug\DX11 Framework.pdb" /SUBSYSTEM:WINDOWS /LARGEADDRESSAWARE /TLBID:1 /DYNAMICBASE /NXCOMPAT /IMPLIB:"C:\Users\Ryan-LT\Desktop\FGGC Sem1\FGGC Sem1\Game\Debug\DX11 Framework.lib" /MACHINE:X86 /SAFESEH  "Debug\DX11 Framework.res"
         Debug\Application.obj
         Debug\Camera.obj
         Debug\DDSTextureLoader.obj
         "Debug\DX11 Framework.obj"
         Debug\GameObject.obj
         Debug\OBJLoader.obj
     1>Application.obj : warning LNK4075: ignoring '/EDITANDCONTINUE' due to '/SAFESEH' specification
         DX11 Framework.vcxproj -> C:\Users\Ryan-LT\Desktop\FGGC Sem1\FGGC Sem1\Game\Debug\DX11 Framework.exe
     1>Done Building Project "C:\Users\Ryan-LT\Desktop\FGGC Sem1\FGGC Sem1\Game\DX11 Framework.vcxproj" (Build target(s)).

Build succeeded.

Time Elapsed 00:00:05.27
