e:\game\debug\dx11 framework.ilk
e:\game\debug\dx11 framework.exe
e:\game\debug\dx11 framework.pdb
e:\fggc sem1\game\debug\dx11 framework.ilk
e:\fggc sem1\game\debug\dx11 framework.exe
e:\fggc sem1\game\debug\dx11 framework.pdb
e:\fggc sem1\fggc sem1\game\debug\dx11 framework.ilk
e:\fggc sem1\fggc sem1\game\debug\dx11 framework.exe
e:\fggc sem1\fggc sem1\game\debug\dx11 framework.pdb
e:\game\debug\vc120.pdb
e:\fggc sem1\game\debug\vc120.pdb
e:\fggc sem1\fggc sem1\game\debug\vc120.pdb
e:\fggc sem1\fggc sem1\game\debug\vc120.idb
e:\fggc sem1\fggc sem1\game\debug\objloader.obj
e:\fggc sem1\fggc sem1\game\debug\gameobject.obj
e:\fggc sem1\fggc sem1\game\debug\dx11 framework.obj
e:\fggc sem1\fggc sem1\game\debug\ddstextureloader.obj
e:\fggc sem1\fggc sem1\game\debug\camera.obj
e:\fggc sem1\fggc sem1\game\debug\application.obj
e:\fggc sem1\fggc sem1\game\debug\dx11 framework.res
e:\fggc sem1\fggc sem1\game\debug\dx11 framework.tlog\cl.command.1.tlog
e:\fggc sem1\fggc sem1\game\debug\dx11 framework.tlog\link.command.1.tlog
e:\fggc sem1\fggc sem1\game\debug\dx11 framework.tlog\link.write.1.tlog
e:\fggc sem1\fggc sem1\game\debug\dx11 framework.tlog\rc.command.1.tlog
e:\fggc sem1\fggc sem1\game\debug\dx11 framework.tlog\cl.read.1.tlog
e:\fggc sem1\fggc sem1\game\debug\dx11 framework.tlog\link.read.1.tlog
e:\fggc sem1\fggc sem1\game\debug\dx11 framework.tlog\rc.read.1.tlog
e:\fggc sem1\fggc sem1\game\debug\dx11 framework.tlog\cl.write.1.tlog
e:\fggc sem1\fggc sem1\game\debug\dx11 framework.tlog\rc.write.1.tlog
